/bin/sh: 1: /tmp/wiki-sync.sh: not found
/bin/sh: 1: /tmp/wiki-sync.sh: not found
/bin/sh: 1: /tmp/wiki-sync.sh: not found
[2026-06-16 11:27:34] Syncing: Belfort.md (title=Belfort)
[2026-06-16 11:28:06]   OK: doc_id=insert_20260616_1127
[2026-06-16 11:28:08] Syncing: Hermes-report.md (title=Hermes-report)
[2026-06-16 11:28:08]   OK: doc_id=insert_20260616_1128
[2026-06-16 11:28:10] Syncing: agent-notes/belfort-final-report-2026-06-15.md (title=belfort-final-report-2026-06-15)
[2026-06-16 11:28:43] Syncing: agent-notes/belfort-final-report-2026-06-15.md (title=belfort-final-report-2026-06-15)
[2026-06-16 11:28:43]   OK: doc_id=insert_20260616_1128
[2026-06-16 11:28:45] Syncing: agent-notes/belfort-infrastructure.md (title=belfort-infrastructure)
[2026-06-16 11:28:45]   OK: doc_id=insert_20260616_1128
[2026-06-16 11:28:47] Syncing: agent-notes/belfort-portfolio-2026-06-15.md (title=belfort-portfolio-2026-06-15)
[2026-06-16 11:28:47]   OK: doc_id=insert_20260616_1128
[2026-06-16 11:28:49] Syncing: agent-notes/github-token.md (title=github-token)
[2026-06-16 11:28:49]   OK: doc_id=insert_20260616_1128
[2026-06-16 11:28:51] Syncing: agent-notes/hermes-strategy-belfort.md (title=hermes-strategy-belfort)
[2026-06-16 11:28:51]   OK: doc_id=insert_20260616_1128
[2026-06-16 11:28:53] Syncing: agent-notes/hermes-strategy-bishop.md (title=hermes-strategy-bishop)
[2026-06-16 11:28:53]   OK: doc_id=insert_20260616_1128
[2026-06-16 11:28:55] Syncing: agent-notes/hermes-strategy-gost.md (title=hermes-strategy-gost)
[2026-06-16 11:28:55]   OK: doc_id=insert_20260616_1128
[2026-06-16 11:28:57] Syncing: agent-notes/hermes-strategy-jarvis.md (title=hermes-strategy-jarvis)
[2026-06-16 11:28:57]   OK: doc_id=insert_20260616_1128
[2026-06-16 11:28:59] Syncing: agent-notes/hermes-strategy-paladin.md (title=hermes-strategy-paladin)
[2026-06-16 11:28:59]   OK: doc_id=insert_20260616_1128
[2026-06-16 11:29:01] Syncing: agent-notes/hermes-strategy-shadow.md (title=hermes-strategy-shadow)
[2026-06-16 11:29:01]   OK: doc_id=insert_20260616_1129
[2026-06-16 11:29:03] Syncing: agent-notes/hermes-strategy-sinabon.md (title=hermes-strategy-sinabon)
[2026-06-16 11:29:03]   OK: doc_id=insert_20260616_1129
[2026-06-16 11:29:05] Syncing: agent-notes/hermes-strategy-tsilya.md (title=hermes-strategy-tsilya)
[2026-06-16 11:29:05]   OK: doc_id=insert_20260616_1129
[2026-06-16 11:29:07] Syncing: agent-notes/hermes-system-belfort.md (title=hermes-system-belfort)
[2026-06-16 11:29:07]   OK: doc_id=insert_20260616_1129
[2026-06-16 11:29:09] Syncing: agent-notes/hermes-system-bishop.md (title=hermes-system-bishop)
[2026-06-16 11:29:09]   OK: doc_id=insert_20260616_1129
[2026-06-16 11:29:11] Syncing: agent-notes/hermes-system-gost.md (title=hermes-system-gost)
[2026-06-16 11:29:11]   OK: doc_id=insert_20260616_1129
[2026-06-16 11:29:13] Syncing: agent-notes/hermes-system-hermes.md (title=hermes-system-hermes)
[2026-06-16 11:29:13]   OK: doc_id=insert_20260616_1129
[2026-06-16 11:29:15] Syncing: agent-notes/hermes-system-jarvis.md (title=hermes-system-jarvis)
[2026-06-16 11:29:15]   OK: doc_id=insert_20260616_1129
[2026-06-16 11:29:17] Syncing: agent-notes/hermes-system-marketing.md (title=hermes-system-marketing)
[2026-06-16 11:29:17]   OK: doc_id=insert_20260616_1129
[2026-06-16 11:29:19] Syncing: agent-notes/hermes-system-overview.md (title=hermes-system-overview)
[2026-06-16 11:29:19]   OK: doc_id=insert_20260616_1129
[2026-06-16 11:29:21] Syncing: agent-notes/hermes-system-paladin.md (title=hermes-system-paladin)
[2026-06-16 11:29:21]   OK: doc_id=insert_20260616_1129
[2026-06-16 11:29:23] Syncing: agent-notes/hermes-system-shadow.md (title=hermes-system-shadow)
[2026-06-16 11:29:23]   OK: doc_id=insert_20260616_1129
[2026-06-16 11:29:25] Syncing: agent-notes/hermes-system-sinabon.md (title=hermes-system-sinabon)
[2026-06-16 11:29:25]   OK: doc_id=insert_20260616_1129
[2026-06-16 11:29:27] Syncing: agent-notes/hermes-system-tsilya.md (title=hermes-system-tsilya)
[2026-06-16 11:29:27]   OK: doc_id=insert_20260616_1129
[2026-06-16 11:29:29] Syncing: agent-notes/reboot-access.md (title=reboot-access)
[2026-06-16 11:29:29]   OK: doc_id=insert_20260616_1129
[2026-06-16 11:29:31] Syncing: agent-notes/utro-statya-16-06-venoznye-sinusy-v2.md (title=utro-statya-16-06-venoznye-sinusy-v2)
[2026-06-16 11:29:31]   OK: doc_id=insert_20260616_1129
[2026-06-16 11:29:33] Syncing: agent-notes/utro-statya-16-06-venoznye-sinusy.md (title=utro-statya-16-06-venoznye-sinusy)
[2026-06-16 11:29:33]   OK: doc_id=insert_20260616_1129
[2026-06-16 11:29:35] Syncing: agent-notes/utro-statya-16-06.md (title=utro-statya-16-06)
[2026-06-16 11:29:35]   OK: doc_id=insert_20260616_1129
[2026-06-16 11:29:37] Syncing: agent-notes/vecher-istoriya-16-06-venoznye-sinusy.md (title=vecher-istoriya-16-06-venoznye-sinusy)
[2026-06-16 11:29:37]   OK: doc_id=insert_20260616_1129
[2026-06-16 11:29:39] Syncing: agents/Belfort.md (title=Belfort)
[2026-06-16 11:29:39]   OK: doc_id=insert_20260616_1129
[2026-06-16 11:29:41] Syncing: agents/Bishop.md (title=Bishop)
[2026-06-16 11:29:41]   OK: doc_id=insert_20260616_1129
[2026-06-16 11:29:43] Syncing: agents/Gost.md (title=Gost)
[2026-06-16 11:29:43]   OK: doc_id=insert_20260616_1129
[2026-06-16 11:29:45] Syncing: agents/Hermes.md (title=Hermes)
[2026-06-16 11:29:45]   OK: doc_id=insert_20260616_1129
[2026-06-16 11:29:47] Syncing: agents/Jarvis.md (title=Jarvis)
[2026-06-16 11:29:47]   OK: doc_id=insert_20260616_1129
[2026-06-16 11:29:49] Syncing: agents/Paladin.md (title=Paladin)
[2026-06-16 11:29:49]   OK: doc_id=insert_20260616_1129
[2026-06-16 11:29:51] Syncing: agents/Shadow.md (title=Shadow)
[2026-06-16 11:29:51]   OK: doc_id=insert_20260616_1129
[2026-06-16 11:29:53] Syncing: agents/Sinabon.md (title=Sinabon)
[2026-06-16 11:29:53]   OK: doc_id=insert_20260616_1129
[2026-06-16 11:29:55] Syncing: agents/Tsilya.md (title=Tsilya)
[2026-06-16 11:29:55]   OK: doc_id=insert_20260616_1129
[2026-06-16 11:29:57] Syncing: deploy/marketing-tools-deployment.md (title=marketing-tools-deployment)
[2026-06-16 11:29:57]   OK: doc_id=insert_20260616_1129
[2026-06-16 11:29:59] Syncing: expvseprosto-posts.md (title=expvseprosto-posts)
[2026-06-16 11:29:59]   OK: doc_id=insert_20260616_1129
